#
# There is insufficient memory for the Java Runtime Environment to continue.
# Native memory allocation (malloc) failed to allocate 1048576 bytes for AllocateHeap
# Possible reasons:
#   The system is out of physical RAM or swap space
#   In 32 bit mode, the process size limit was hit
# Possible solutions:
#   Reduce memory load on the system
#   Increase physical memory or swap space
#   Check if swap backing store is full
#   Use 64 bit Java on a 64 bit OS
#   Decrease Java heap size (-Xmx/-Xms)
#   Decrease number of Java threads
#   Decrease Java thread stack sizes (-Xss)
#   Set larger code cache with -XX:ReservedCodeCacheSize=
# This output file may be truncated or incomplete.
#
#  Out of Memory Error (memory/allocation.inline.hpp:61), pid=6264, tid=10064
#
# JRE version:  (8.0_60-b27) (build )
# Java VM: Java HotSpot(TM) 64-Bit Server VM (25.60-b23 mixed mode windows-amd64 compressed oops)
# Failed to write core dump. Minidumps are not enabled by default on client versions of Windows
#

---------------  T H R E A D  ---------------

Current thread (0x0000000001eae800):  JavaThread "Unknown thread" [_thread_in_vm, id=10064, stack(0x0000000001eb0000,0x0000000001fb0000)]

Stack: [0x0000000001eb0000,0x0000000001fb0000]
[error occurred during error reporting (printing stack bounds), id 0xc0000005]

Native frames: (J=compiled Java code, j=interpreted, Vv=VM code, C=native code)


---------------  P R O C E S S  ---------------

Java Threads: ( => current thread )

Other Threads:

=>0x0000000001eae800 (exited) JavaThread "Unknown thread" [_thread_in_vm, id=10064, stack(0x0000000001eb0000,0x0000000001fb0000)]

VM state:not at safepoint (normal execution)

VM Mutex/Monitor currently owned by a thread: None

Heap:
 PSYoungGen      total 47616K, used 819K [0x000000078b180000, 0x000000078e680000, 0x00000007c0000000)
  eden space 40960K, 2% used [0x000000078b180000,0x000000078b24ccd8,0x000000078d980000)
  from space 6656K, 0% used [0x000000078e000000,0x000000078e000000,0x000000078e680000)
  to   space 6656K, 0% used [0x000000078d980000,0x000000078d980000,0x000000078e000000)
 ParOldGen       total 109568K, used 0K [0x0000000721400000, 0x0000000727f00000, 0x000000078b180000)
  object space 109568K, 0% used [0x0000000721400000,0x0000000721400000,0x0000000727f00000)
 Metaspace       used 767K, capacity 4480K, committed 4480K, reserved 1056768K
  class space    used 75K, capacity 384K, committed 384K, reserved 1048576K

Card table byte_map: [0x0000000011480000,0x0000000011980000] byte_map_base: 0x000000000db76000

Marking Bits: (ParMarkBitMap*) 0x0000000073d8a5b0
 Begin Bits: [0x00000000120d0000, 0x0000000014880000)
 End Bits:   [0x0000000014880000, 0x0000000017030000)

Polling page: 0x0000000001e40000

CodeCache: size=245760Kb used=328Kb max_used=328Kb free=245431Kb
 bounds [0x00000000020c0000, 0x0000000002330000, 0x00000000110c0000]
 total_blobs=57 nmethods=0 adapters=37
 compilation: enabled

Compilation events (0 events):
No events

GC Heap History (0 events):
No events

Deoptimization events (0 events):
No events

Internal exceptions (0 events):
No events

Events (10 events):
Event: 0.037 loading class java/lang/Short
Event: 0.037 loading class java/lang/Short done
Event: 0.037 loading class java/lang/Integer
Event: 0.037 loading class java/lang/Integer done
Event: 0.037 loading class java/lang/Long
Event: 0.037 loading class java/lang/Long done
Event: 0.038 loading class java/lang/NullPointerException
Event: 0.038 loading class java/lang/NullPointerException done
Event: 0.038 loading class java/lang/ArithmeticException
Event: 0.038 loading class java/lang/ArithmeticException done


Dynamic libraries:
0x00007ff66a6d0000 - 0x00007ff66a707000 	C:\Program Files\Java\jdk1.8.0_60\jre\bin\java.exe
0x00007ffc9dce0000 - 0x00007ffc9de8c000 	C:\Windows\SYSTEM32\ntdll.dll
0x00007ffc9b440000 - 0x00007ffc9b57e000 	C:\Windows\system32\KERNEL32.DLL
0x00007ffc9afc0000 - 0x00007ffc9b0d5000 	C:\Windows\system32\KERNELBASE.dll
0x00007ffc990f0000 - 0x00007ffc9917e000 	C:\Windows\system32\apphelp.dll
0x00007ffc91ab0000 - 0x00007ffc91b03000 	C:\Windows\AppPatch\AppPatch64\AcGenral.DLL
0x00007ffc9b390000 - 0x00007ffc9b43a000 	C:\Windows\system32\msvcrt.dll
0x00007ffc9ac70000 - 0x00007ffc9ac9e000 	C:\Windows\SYSTEM32\SspiCli.dll
0x00007ffc9dc80000 - 0x00007ffc9dcd4000 	C:\Windows\system32\SHLWAPI.dll
0x00007ffc9d1a0000 - 0x00007ffc9d317000 	C:\Windows\system32\USER32.dll
0x00007ffc9cd20000 - 0x00007ffc9ceb4000 	C:\Windows\system32\ole32.dll
0x00007ffc9b580000 - 0x00007ffc9ca99000 	C:\Windows\system32\SHELL32.dll
0x00007ffc9a3e0000 - 0x00007ffc9a401000 	C:\Windows\SYSTEM32\USERENV.dll
0x00007ffc9db00000 - 0x00007ffc9dbaa000 	C:\Windows\system32\ADVAPI32.dll
0x00007ffc8d980000 - 0x00007ffc8d99e000 	C:\Windows\SYSTEM32\MPR.dll
0x00007ffc9cb60000 - 0x00007ffc9cca1000 	C:\Windows\system32\RPCRT4.dll
0x00007ffc9ccb0000 - 0x00007ffc9cd09000 	C:\Windows\SYSTEM32\sechost.dll
0x00007ffc9cf80000 - 0x00007ffc9d191000 	C:\Windows\SYSTEM32\combase.dll
0x00007ffc9d780000 - 0x00007ffc9d8cf000 	C:\Windows\system32\GDI32.dll
0x00007ffc9ae40000 - 0x00007ffc9ae55000 	C:\Windows\SYSTEM32\profapi.dll
0x00007ffc98d50000 - 0x00007ffc98e02000 	C:\Windows\SYSTEM32\SHCORE.dll
0x00007ffc9cec0000 - 0x00007ffc9cef6000 	C:\Windows\system32\IMM32.DLL
0x00007ffc9d8d0000 - 0x00007ffc9da22000 	C:\Windows\system32\MSCTF.dll
0x00007ffc966f0000 - 0x00007ffc9696a000 	C:\Windows\WinSxS\amd64_microsoft.windows.common-controls_6595b64144ccf1df_6.0.9600.17810_none_6240b9c7ecbd0bda\COMCTL32.dll
0x00000000734a0000 - 0x0000000073572000 	C:\Program Files\Java\jdk1.8.0_60\jre\bin\msvcr100.dll
0x0000000073580000 - 0x0000000073e09000 	C:\Program Files\Java\jdk1.8.0_60\jre\bin\server\jvm.dll
0x00007ffc7b2a0000 - 0x00007ffc7b2a9000 	C:\Windows\SYSTEM32\WSOCK32.dll
0x00007ffc8d780000 - 0x00007ffc8d7a2000 	C:\Windows\SYSTEM32\WINMM.dll
0x00007ffc94300000 - 0x00007ffc9430a000 	C:\Windows\SYSTEM32\VERSION.dll
0x00007ffc9cd10000 - 0x00007ffc9cd17000 	C:\Windows\system32\PSAPI.DLL
0x00007ffc9d320000 - 0x00007ffc9d37a000 	C:\Windows\system32\WS2_32.dll
0x00007ffc8d260000 - 0x00007ffc8d28a000 	C:\Windows\SYSTEM32\WINMMBASE.dll
0x00007ffc9cf70000 - 0x00007ffc9cf79000 	C:\Windows\system32\NSI.dll
0x00007ffc9b0e0000 - 0x00007ffc9b12f000 	C:\Windows\SYSTEM32\cfgmgr32.dll
0x00007ffc99c40000 - 0x00007ffc99c68000 	C:\Windows\SYSTEM32\DEVOBJ.dll
0x0000000075140000 - 0x000000007514f000 	C:\Program Files\Java\jdk1.8.0_60\jre\bin\verify.dll
0x00000000750b0000 - 0x00000000750d9000 	C:\Program Files\Java\jdk1.8.0_60\jre\bin\java.dll
0x0000000074a00000 - 0x0000000074a16000 	C:\Program Files\Java\jdk1.8.0_60\jre\bin\zip.dll

VM Arguments:
java_command: <unknown>
java_class_path (initial): .
Launcher Type: SUN_STANDARD

Environment Variables:
PATH=C:\ProgramData\Oracle\Java\javapath;C:\Program Files (x86)\Intel\iCLS Client\;C:\Program Files\Intel\iCLS Client\;C:\Windows\system32;C:\Windows;C:\Windows\System32\Wbem;C:\Windows\System32\WindowsPowerShell\v1.0\;C:\Program Files\Intel\Intel(R) Management Engine Components\DAL;C:\Program Files (x86)\Intel\Intel(R) Management Engine Components\DAL;C:\Program Files\Intel\Intel(R) Management Engine Components\IPT;C:\Program Files (x86)\Intel\Intel(R) Management Engine Components\IPT;C:\Program Files\Git\cmd;C:\Ruby193\bin
USERNAME=marcoisaac
OS=Windows_NT
PROCESSOR_IDENTIFIER=Intel64 Family 6 Model 61 Stepping 4, GenuineIntel



---------------  S Y S T E M  ---------------

OS: Windows 8.1 , 64 bit Build 9600 (6.3.9600.17415)

CPU:total 4 (2 cores per cpu, 2 threads per core) family 6 model 61 stepping 4, cmov, cx8, fxsr, mmx, sse, sse2, sse3, ssse3, sse4.1, sse4.2, popcnt, avx, avx2, aes, clmul, erms, 3dnowpref, lzcnt, ht, tsc, tscinvbit, bmi1, bmi2, adx

Memory: 4k page, physical 10398028k(4497720k free), swap 41855308k(6232k free)

vm_info: Java HotSpot(TM) 64-Bit Server VM (25.60-b23) for windows-amd64 JRE (1.8.0_60-b27), built on Aug  4 2015 11:06:27 by "java_re" with MS VC++ 10.0 (VS2010)

time: Thu Oct 08 21:28:59 2015
elapsed time: 0 seconds (0d 0h 0m 0s)

